{"/Users/h001587/cybozu/DevHuong/kintone-ui-component/src/css/Attachment.css": {"path":"/Users/h001587/cybozu/DevHuong/kintone-ui-component/src/css/Attachment.css","statementMap":{"0":{"start":{"line":1,"column":20},"end":{"line":1,"column":43}},"1":{"start":{"line":3,"column":0},"end":{"line":3,"column":5109}},"2":{"start":{"line":4,"column":0},"end":{"line":4,"column":20}}},"fnMap":{},"branchMap":{},"s":{"0":1,"1":1,"2":1},"f":{},"b":{},"_coverageSchema":"43e27e138ebf9cfc5966b082cf9a028302ed4184","hash":"55c2d2c36524bf17cca8f4dfafe1d59abee1846d"}
,"/Users/h001587/cybozu/DevHuong/kintone-ui-component/src/css/font.css": {"path":"/Users/h001587/cybozu/DevHuong/kintone-ui-component/src/css/font.css","statementMap":{"0":{"start":{"line":1,"column":20},"end":{"line":1,"column":43}},"1":{"start":{"line":3,"column":0},"end":{"line":3,"column":808}},"2":{"start":{"line":4,"column":0},"end":{"line":4,"column":20}}},"fnMap":{},"branchMap":{},"s":{"0":1,"1":1,"2":1},"f":{},"b":{},"_coverageSchema":"43e27e138ebf9cfc5966b082cf9a028302ed4184","hash":"e50b583cdb8378f3f3457a83bed878c595da9ac3"}
,"/Users/h001587/cybozu/DevHuong/kintone-ui-component/src/react/Attachment/AttachmentFileItem.tsx": {"path":"/Users/h001587/cybozu/DevHuong/kintone-ui-component/src/react/Attachment/AttachmentFileItem.tsx","statementMap":{"0":{"start":{"line":1,"column":0},"end":{"line":1,"column":26}},"1":{"start":{"line":10,"column":27},"end":{"line":38,"column":1}},"2":{"start":{"line":10,"column":29},"end":{"line":10,"column":34}},"3":{"start":{"line":10,"column":36},"end":{"line":10,"column":44}},"4":{"start":{"line":10,"column":46},"end":{"line":10,"column":54}},"5":{"start":{"line":10,"column":56},"end":{"line":10,"column":68}},"6":{"start":{"line":11,"column":22},"end":{"line":13,"column":3}},"7":{"start":{"line":12,"column":4},"end":{"line":12,"column":24}},"8":{"start":{"line":14,"column":17},"end":{"line":14,"column":27}},"9":{"start":{"line":15,"column":17},"end":{"line":15,"column":24}},"10":{"start":{"line":16,"column":17},"end":{"line":16,"column":21}},"11":{"start":{"line":18,"column":26},"end":{"line":27,"column":3}},"12":{"start":{"line":19,"column":4},"end":{"line":25,"column":null}},"13":{"start":{"line":20,"column":6},"end":{"line":20,"column":47}},"14":{"start":{"line":21,"column":11},"end":{"line":25,"column":null}},"15":{"start":{"line":22,"column":6},"end":{"line":22,"column":47}},"16":{"start":{"line":23,"column":11},"end":{"line":25,"column":null}},"17":{"start":{"line":24,"column":6},"end":{"line":24,"column":47}},"18":{"start":{"line":26,"column":4},"end":{"line":26,"column":39}},"19":{"start":{"line":28,"column":2},"end":{"line":37,"column":4}},"20":{"start":{"line":40,"column":0},"end":{"line":40,"column":34}}},"fnMap":{"0":{"name":"(anonymous_0)","decl":{"start":{"line":10,"column":27},"end":{"line":10,"column":28}},"loc":{"start":{"line":10,"column":94},"end":{"line":38,"column":1}}},"1":{"name":"(anonymous_1)","decl":{"start":{"line":11,"column":22},"end":{"line":11,"column":null}},"loc":{"start":{"line":11,"column":22},"end":{"line":13,"column":3}}},"2":{"name":"(anonymous_2)","decl":{"start":{"line":18,"column":26},"end":{"line":18,"column":27}},"loc":{"start":{"line":18,"column":39},"end":{"line":27,"column":3}}}},"branchMap":{"0":{"loc":{"start":{"line":19,"column":4},"end":{"line":25,"column":null}},"type":"if","locations":[{"start":{"line":19,"column":4},"end":{"line":25,"column":null}},{"start":{"line":19,"column":4},"end":{"line":25,"column":null}}]},"1":{"loc":{"start":{"line":21,"column":11},"end":{"line":25,"column":null}},"type":"if","locations":[{"start":{"line":21,"column":11},"end":{"line":25,"column":null}},{"start":{"line":21,"column":11},"end":{"line":25,"column":null}}]},"2":{"loc":{"start":{"line":23,"column":11},"end":{"line":25,"column":null}},"type":"if","locations":[{"start":{"line":23,"column":11},"end":{"line":25,"column":null}},{"start":{"line":23,"column":11},"end":{"line":25,"column":null}}]},"3":{"loc":{"start":{"line":34,"column":80},"end":{"line":34,"column":105}},"type":"cond-expr","locations":[{"start":{"line":34,"column":80},"end":{"line":34,"column":105}},{"start":{"line":34,"column":108},"end":{"line":34,"column":119}}]}},"s":{"0":1,"1":1,"2":0,"3":0,"4":0,"5":0,"6":0,"7":0,"8":0,"9":0,"10":0,"11":0,"12":0,"13":0,"14":0,"15":0,"16":0,"17":0,"18":0,"19":0,"20":1},"f":{"0":0,"1":0,"2":0},"b":{"0":[0,0],"1":[0,0],"2":[0,0],"3":[0,0]}}
,"/Users/h001587/cybozu/DevHuong/kintone-ui-component/src/react/Attachment/index.tsx": {"path":"/Users/h001587/cybozu/DevHuong/kintone-ui-component/src/react/Attachment/index.tsx","statementMap":{"0":{"start":{"line":1,"column":0},"end":{"line":1,"column":26}},"1":{"start":{"line":2,"column":0},"end":{"line":2,"column":54}},"2":{"start":{"line":3,"column":0},"end":{"line":3,"column":28}},"3":{"start":{"line":4,"column":0},"end":{"line":4,"column":34}},"4":{"start":{"line":24,"column":19},"end":{"line":194,"column":1}},"5":{"start":{"line":25,"column":2},"end":{"line":27,"column":null}},"6":{"start":{"line":26,"column":4},"end":{"line":26,"column":16}},"7":{"start":{"line":31,"column":25},"end":{"line":31,"column":26}},"8":{"start":{"line":33,"column":22},"end":{"line":39,"column":3}},"9":{"start":{"line":34,"column":4},"end":{"line":38,"column":null}},"10":{"start":{"line":35,"column":24},"end":{"line":35,"column":36}},"11":{"start":{"line":36,"column":6},"end":{"line":36,"column":29}},"12":{"start":{"line":37,"column":6},"end":{"line":37,"column":32}},"13":{"start":{"line":41,"column":20},"end":{"line":50,"column":3}},"14":{"start":{"line":42,"column":4},"end":{"line":49,"column":null}},"15":{"start":{"line":43,"column":23},"end":{"line":43,"column":89}},"16":{"start":{"line":44,"column":6},"end":{"line":46,"column":9}},"17":{"start":{"line":45,"column":8},"end":{"line":45,"column":29}},"18":{"start":{"line":48,"column":6},"end":{"line":48,"column":56}},"19":{"start":{"line":52,"column":22},"end":{"line":68,"column":3}},"20":{"start":{"line":54,"column":4},"end":{"line":56,"column":null}},"21":{"start":{"line":55,"column":6},"end":{"line":55,"column":19}},"22":{"start":{"line":59,"column":4},"end":{"line":66,"column":null}},"23":{"start":{"line":60,"column":6},"end":{"line":65,"column":null}},"24":{"start":{"line":60,"column":19},"end":{"line":60,"column":20}},"25":{"start":{"line":61,"column":8},"end":{"line":64,"column":null}},"26":{"start":{"line":63,"column":10},"end":{"line":63,"column":23}},"27":{"start":{"line":67,"column":4},"end":{"line":67,"column":16}},"28":{"start":{"line":70,"column":33},"end":{"line":87,"column":3}},"29":{"start":{"line":71,"column":4},"end":{"line":77,"column":null}},"30":{"start":{"line":72,"column":6},"end":{"line":76,"column":null}},"31":{"start":{"line":72,"column":19},"end":{"line":72,"column":20}},"32":{"start":{"line":73,"column":8},"end":{"line":75,"column":null}},"33":{"start":{"line":74,"column":10},"end":{"line":74,"column":22}},"34":{"start":{"line":79,"column":4},"end":{"line":85,"column":null}},"35":{"start":{"line":80,"column":6},"end":{"line":84,"column":null}},"36":{"start":{"line":80,"column":19},"end":{"line":80,"column":20}},"37":{"start":{"line":81,"column":8},"end":{"line":83,"column":null}},"38":{"start":{"line":82,"column":10},"end":{"line":82,"column":22}},"39":{"start":{"line":86,"column":4},"end":{"line":86,"column":17}},"40":{"start":{"line":89,"column":18},"end":{"line":95,"column":3}},"41":{"start":{"line":90,"column":4},"end":{"line":90,"column":27}},"42":{"start":{"line":91,"column":4},"end":{"line":91,"column":19}},"43":{"start":{"line":92,"column":4},"end":{"line":94,"column":null}},"44":{"start":{"line":93,"column":6},"end":{"line":93,"column":23}},"45":{"start":{"line":97,"column":22},"end":{"line":102,"column":3}},"46":{"start":{"line":98,"column":4},"end":{"line":98,"column":28}},"47":{"start":{"line":99,"column":4},"end":{"line":101,"column":null}},"48":{"start":{"line":100,"column":6},"end":{"line":100,"column":29}},"49":{"start":{"line":104,"column":23},"end":{"line":121,"column":3}},"50":{"start":{"line":105,"column":4},"end":{"line":105,"column":23}},"51":{"start":{"line":106,"column":4},"end":{"line":120,"column":null}},"52":{"start":{"line":107,"column":6},"end":{"line":107,"column":29}},"53":{"start":{"line":109,"column":35},"end":{"line":109,"column":64}},"54":{"start":{"line":111,"column":36},"end":{"line":111,"column":94}},"55":{"start":{"line":113,"column":6},"end":{"line":118,"column":null}},"56":{"start":{"line":114,"column":8},"end":{"line":114,"column":98}},"57":{"start":{"line":115,"column":8},"end":{"line":115,"column":96}},"58":{"start":{"line":116,"column":8},"end":{"line":116,"column":85}},"59":{"start":{"line":117,"column":8},"end":{"line":117,"column":87}},"60":{"start":{"line":119,"column":6},"end":{"line":119,"column":72}},"61":{"start":{"line":119,"column":32},"end":{"line":119,"column":72}},"62":{"start":{"line":123,"column":23},"end":{"line":134,"column":3}},"63":{"start":{"line":124,"column":4},"end":{"line":124,"column":23}},"64":{"start":{"line":125,"column":4},"end":{"line":133,"column":null}},"65":{"start":{"line":126,"column":35},"end":{"line":126,"column":64}},"66":{"start":{"line":127,"column":36},"end":{"line":127,"column":94}},"67":{"start":{"line":128,"column":6},"end":{"line":131,"column":null}},"68":{"start":{"line":129,"column":8},"end":{"line":129,"column":52}},"69":{"start":{"line":130,"column":8},"end":{"line":130,"column":64}},"70":{"start":{"line":132,"column":6},"end":{"line":132,"column":76}},"71":{"start":{"line":132,"column":32},"end":{"line":132,"column":76}},"72":{"start":{"line":136,"column":2},"end":{"line":193,"column":4}},"73":{"start":{"line":149,"column":14},"end":{"line":149,"column":61}},"74":{"start":{"line":149,"column":31},"end":{"line":149,"column":61}},"75":{"start":{"line":157,"column":74},"end":{"line":165,"column":12}},"76":{"start":{"line":175,"column":16},"end":{"line":175,"column":52}},"77":{"start":{"line":175,"column":29},"end":{"line":175,"column":52}},"78":{"start":{"line":178,"column":16},"end":{"line":178,"column":40}},"79":{"start":{"line":196,"column":0},"end":{"line":196,"column":26}}},"fnMap":{"0":{"name":"(anonymous_0)","decl":{"start":{"line":24,"column":19},"end":{"line":24,"column":20}},"loc":{"start":{"line":24,"column":42},"end":{"line":194,"column":1}}},"1":{"name":"(anonymous_1)","decl":{"start":{"line":33,"column":22},"end":{"line":33,"column":23}},"loc":{"start":{"line":33,"column":36},"end":{"line":39,"column":3}}},"2":{"name":"(anonymous_2)","decl":{"start":{"line":41,"column":20},"end":{"line":41,"column":21}},"loc":{"start":{"line":41,"column":31},"end":{"line":50,"column":3}}},"3":{"name":"(anonymous_3)","decl":{"start":{"line":44,"column":47},"end":{"line":44,"column":48}},"loc":{"start":{"line":44,"column":49},"end":{"line":46,"column":7}}},"4":{"name":"(anonymous_4)","decl":{"start":{"line":52,"column":22},"end":{"line":52,"column":31}},"loc":{"start":{"line":52,"column":53},"end":{"line":68,"column":3}}},"5":{"name":"(anonymous_5)","decl":{"start":{"line":70,"column":33},"end":{"line":70,"column":34}},"loc":{"start":{"line":70,"column":56},"end":{"line":87,"column":3}}},"6":{"name":"(anonymous_6)","decl":{"start":{"line":89,"column":18},"end":{"line":89,"column":19}},"loc":{"start":{"line":89,"column":41},"end":{"line":95,"column":3}}},"7":{"name":"(anonymous_7)","decl":{"start":{"line":97,"column":22},"end":{"line":97,"column":23}},"loc":{"start":{"line":97,"column":45},"end":{"line":102,"column":3}}},"8":{"name":"(anonymous_8)","decl":{"start":{"line":104,"column":23},"end":{"line":104,"column":24}},"loc":{"start":{"line":104,"column":46},"end":{"line":121,"column":3}}},"9":{"name":"(anonymous_9)","decl":{"start":{"line":123,"column":23},"end":{"line":123,"column":null}},"loc":{"start":{"line":123,"column":23},"end":{"line":134,"column":3}}},"10":{"name":"(anonymous_10)","decl":{"start":{"line":148,"column":17},"end":{"line":148,"column":18}},"loc":{"start":{"line":148,"column":29},"end":{"line":150,"column":13}}},"11":{"name":"(anonymous_11)","decl":{"start":{"line":157,"column":57},"end":{"line":157,"column":58}},"loc":{"start":{"line":157,"column":69},"end":{"line":157,"column":null}}},"12":{"name":"(anonymous_12)","decl":{"start":{"line":174,"column":19},"end":{"line":174,"column":20}},"loc":{"start":{"line":174,"column":27},"end":{"line":176,"column":15}}},"13":{"name":"(anonymous_13)","decl":{"start":{"line":177,"column":23},"end":{"line":177,"column":null}},"loc":{"start":{"line":177,"column":23},"end":{"line":179,"column":15}}}},"branchMap":{"0":{"loc":{"start":{"line":25,"column":2},"end":{"line":27,"column":null}},"type":"if","locations":[{"start":{"line":25,"column":2},"end":{"line":27,"column":null}},{"start":{"line":25,"column":2},"end":{"line":27,"column":null}}]},"1":{"loc":{"start":{"line":34,"column":4},"end":{"line":38,"column":null}},"type":"if","locations":[{"start":{"line":34,"column":4},"end":{"line":38,"column":null}},{"start":{"line":34,"column":4},"end":{"line":38,"column":null}}]},"2":{"loc":{"start":{"line":34,"column":8},"end":{"line":34,"column":26}},"type":"binary-expr","locations":[{"start":{"line":34,"column":8},"end":{"line":34,"column":26}},{"start":{"line":34,"column":30},"end":{"line":34,"column":41}}]},"3":{"loc":{"start":{"line":42,"column":4},"end":{"line":49,"column":null}},"type":"if","locations":[{"start":{"line":42,"column":4},"end":{"line":49,"column":null}},{"start":{"line":42,"column":4},"end":{"line":49,"column":null}}]},"4":{"loc":{"start":{"line":42,"column":8},"end":{"line":42,"column":24}},"type":"binary-expr","locations":[{"start":{"line":42,"column":8},"end":{"line":42,"column":24}},{"start":{"line":42,"column":28},"end":{"line":42,"column":39}}]},"5":{"loc":{"start":{"line":43,"column":44},"end":{"line":43,"column":68}},"type":"cond-expr","locations":[{"start":{"line":43,"column":44},"end":{"line":43,"column":68}},{"start":{"line":43,"column":71},"end":{"line":43,"column":89}}]},"6":{"loc":{"start":{"line":54,"column":4},"end":{"line":56,"column":null}},"type":"if","locations":[{"start":{"line":54,"column":4},"end":{"line":56,"column":null}},{"start":{"line":54,"column":4},"end":{"line":56,"column":null}}]},"7":{"loc":{"start":{"line":59,"column":4},"end":{"line":66,"column":null}},"type":"if","locations":[{"start":{"line":59,"column":4},"end":{"line":66,"column":null}},{"start":{"line":59,"column":4},"end":{"line":66,"column":null}}]},"8":{"loc":{"start":{"line":61,"column":8},"end":{"line":64,"column":null}},"type":"if","locations":[{"start":{"line":61,"column":8},"end":{"line":64,"column":null}},{"start":{"line":61,"column":8},"end":{"line":64,"column":null}}]},"9":{"loc":{"start":{"line":61,"column":12},"end":{"line":61,"column":80}},"type":"binary-expr","locations":[{"start":{"line":61,"column":12},"end":{"line":61,"column":80}},{"start":{"line":62,"column":19},"end":{"line":62,"column":77}}]},"10":{"loc":{"start":{"line":71,"column":4},"end":{"line":77,"column":null}},"type":"if","locations":[{"start":{"line":71,"column":4},"end":{"line":77,"column":null}},{"start":{"line":71,"column":4},"end":{"line":77,"column":null}}]},"11":{"loc":{"start":{"line":73,"column":8},"end":{"line":75,"column":null}},"type":"if","locations":[{"start":{"line":73,"column":8},"end":{"line":75,"column":null}},{"start":{"line":73,"column":8},"end":{"line":75,"column":null}}]},"12":{"loc":{"start":{"line":79,"column":4},"end":{"line":85,"column":null}},"type":"if","locations":[{"start":{"line":79,"column":4},"end":{"line":85,"column":null}},{"start":{"line":79,"column":4},"end":{"line":85,"column":null}}]},"13":{"loc":{"start":{"line":81,"column":8},"end":{"line":83,"column":null}},"type":"if","locations":[{"start":{"line":81,"column":8},"end":{"line":83,"column":null}},{"start":{"line":81,"column":8},"end":{"line":83,"column":null}}]},"14":{"loc":{"start":{"line":92,"column":4},"end":{"line":94,"column":null}},"type":"if","locations":[{"start":{"line":92,"column":4},"end":{"line":94,"column":null}},{"start":{"line":92,"column":4},"end":{"line":94,"column":null}}]},"15":{"loc":{"start":{"line":99,"column":4},"end":{"line":101,"column":null}},"type":"if","locations":[{"start":{"line":99,"column":4},"end":{"line":101,"column":null}},{"start":{"line":99,"column":4},"end":{"line":101,"column":null}}]},"16":{"loc":{"start":{"line":106,"column":4},"end":{"line":120,"column":null}},"type":"if","locations":[{"start":{"line":106,"column":4},"end":{"line":120,"column":null}},{"start":{"line":106,"column":4},"end":{"line":120,"column":null}}]},"17":{"loc":{"start":{"line":106,"column":8},"end":{"line":106,"column":30}},"type":"binary-expr","locations":[{"start":{"line":106,"column":8},"end":{"line":106,"column":30}},{"start":{"line":106,"column":34},"end":{"line":106,"column":63}}]},"18":{"loc":{"start":{"line":111,"column":36},"end":{"line":111,"column":56}},"type":"binary-expr","locations":[{"start":{"line":111,"column":36},"end":{"line":111,"column":56}},{"start":{"line":111,"column":60},"end":{"line":111,"column":94}}]},"19":{"loc":{"start":{"line":113,"column":6},"end":{"line":118,"column":null}},"type":"if","locations":[{"start":{"line":113,"column":6},"end":{"line":118,"column":null}},{"start":{"line":113,"column":6},"end":{"line":118,"column":null}}]},"20":{"loc":{"start":{"line":119,"column":6},"end":{"line":119,"column":72}},"type":"if","locations":[{"start":{"line":119,"column":6},"end":{"line":119,"column":72}},{"start":{"line":119,"column":6},"end":{"line":119,"column":72}}]},"21":{"loc":{"start":{"line":125,"column":4},"end":{"line":133,"column":null}},"type":"if","locations":[{"start":{"line":125,"column":4},"end":{"line":133,"column":null}},{"start":{"line":125,"column":4},"end":{"line":133,"column":null}}]},"22":{"loc":{"start":{"line":127,"column":36},"end":{"line":127,"column":56}},"type":"binary-expr","locations":[{"start":{"line":127,"column":36},"end":{"line":127,"column":56}},{"start":{"line":127,"column":60},"end":{"line":127,"column":94}}]},"23":{"loc":{"start":{"line":128,"column":6},"end":{"line":131,"column":null}},"type":"if","locations":[{"start":{"line":128,"column":6},"end":{"line":131,"column":null}},{"start":{"line":128,"column":6},"end":{"line":131,"column":null}}]},"24":{"loc":{"start":{"line":132,"column":6},"end":{"line":132,"column":76}},"type":"if","locations":[{"start":{"line":132,"column":6},"end":{"line":132,"column":76}},{"start":{"line":132,"column":6},"end":{"line":132,"column":76}}]},"25":{"loc":{"start":{"line":149,"column":14},"end":{"line":149,"column":61}},"type":"if","locations":[{"start":{"line":149,"column":14},"end":{"line":149,"column":61}},{"start":{"line":149,"column":14},"end":{"line":149,"column":61}}]},"26":{"loc":{"start":{"line":153,"column":13},"end":{"line":153,"column":31}},"type":"binary-expr","locations":[{"start":{"line":153,"column":13},"end":{"line":153,"column":31}},{"start":{"line":153,"column":35},"end":{"line":153,"column":53}}]},"27":{"loc":{"start":{"line":157,"column":11},"end":{"line":157,"column":37}},"type":"binary-expr","locations":[{"start":{"line":157,"column":11},"end":{"line":157,"column":37}},{"start":{"line":157,"column":41},"end":{"line":165,"column":12}}]},"28":{"loc":{"start":{"line":168,"column":69},"end":{"line":168,"column":91}},"type":"binary-expr","locations":[{"start":{"line":168,"column":69},"end":{"line":168,"column":91}},{"start":{"line":168,"column":95},"end":{"line":168,"column":103}}]},"29":{"loc":{"start":{"line":175,"column":16},"end":{"line":175,"column":52}},"type":"if","locations":[{"start":{"line":175,"column":16},"end":{"line":175,"column":52}},{"start":{"line":175,"column":16},"end":{"line":175,"column":52}}]},"30":{"loc":{"start":{"line":187,"column":7},"end":{"line":187,"column":36}},"type":"binary-expr","locations":[{"start":{"line":187,"column":7},"end":{"line":187,"column":36}},{"start":{"line":188,"column":8},"end":{"line":189,"column":null}}]}},"s":{"0":1,"1":1,"2":1,"3":1,"4":1,"5":2,"6":0,"7":2,"8":2,"9":0,"10":0,"11":0,"12":0,"13":2,"14":1,"15":1,"16":1,"17":1,"18":1,"19":2,"20":0,"21":0,"22":0,"23":0,"24":0,"25":0,"26":0,"27":0,"28":2,"29":0,"30":0,"31":0,"32":0,"33":0,"34":0,"35":0,"36":0,"37":0,"38":0,"39":0,"40":2,"41":0,"42":0,"43":0,"44":0,"45":2,"46":0,"47":0,"48":0,"49":2,"50":0,"51":0,"52":0,"53":0,"54":0,"55":0,"56":0,"57":0,"58":0,"59":0,"60":0,"61":0,"62":2,"63":0,"64":0,"65":0,"66":0,"67":0,"68":0,"69":0,"70":0,"71":0,"72":2,"73":4,"74":2,"75":0,"76":4,"77":2,"78":0,"79":1},"f":{"0":2,"1":0,"2":1,"3":1,"4":0,"5":0,"6":0,"7":0,"8":0,"9":0,"10":4,"11":0,"12":4,"13":0},"b":{"0":[0,2],"1":[0,0],"2":[0,0],"3":[1,0],"4":[1,1],"5":[0,1],"6":[0,0],"7":[0,0],"8":[0,0],"9":[0,0],"10":[0,0],"11":[0,0],"12":[0,0],"13":[0,0],"14":[0,0],"15":[0,0],"16":[0,0],"17":[0,0],"18":[0,0],"19":[0,0],"20":[0,0],"21":[0,0],"22":[0,0],"23":[0,0],"24":[0,0],"25":[2,2],"26":[2,2],"27":[2,2],"28":[2,2],"29":[2,2],"30":[2,2]}}
}
